# JRE version: OpenJDK Runtime Environment Temurin-17.0.11+9 (17.0.11+9) (build 17.0.11+9)
# Java VM: OpenJDK 64-Bit Server VM Temurin-17.0.11+9 (17.0.11+9, mixed mode, emulated-client, tiered, compressed oops, compressed class ptrs, g1 gc, windows-amd64)
GC Precious Log:
 CPUs: 8 total, 8 available
 Memory: 8093M
 Large Page Support: Disabled
 NUMA Support: Disabled
 Compressed Oops: Enabled (32-bit)
 Heap Region Size: 1M
 Heap Min Capacity: 8M
 Heap Initial Capacity: 128M
 Heap Max Capacity: 1G
 Pre-touch: Disabled
 Parallel Workers: 8
 Concurrent Workers: 2
 Concurrent Refinement Workers: 8
 Periodic GC: Disabled
Heap:
 garbage-first heap   total 92160K, used 38790K [0x00000000c0000000, 0x0000000100000000)
  region size 1024K, 1 young (1024K), 0 survivors (0K)
 Metaspace       used 61147K, committed 61568K, reserved 1114112K
  class space    used 7654K, committed 7872K, reserved 1048576K
GC Heap History (20 events):
Event: 54586.569 GC heap before
{Heap before GC invocations=1752 (full 1733):
 garbage-first heap   total 92160K, used 38790K [0x00000000c0000000, 0x0000000100000000)
  region size 1024K, 1 young (1024K), 0 survivors (0K)
 Metaspace       used 61147K, committed 61568K, reserved 1114112K
  class space    used 7654K, committed 7872K, reserved 1048576K
}
Event: 54586.696 GC heap after
{Heap after GC invocations=1753 (full 1734):
 garbage-first heap   total 92160K, used 38790K [0x00000000c0000000, 0x0000000100000000)
  region size 1024K, 0 young (0K), 0 survivors (0K)
 Metaspace       used 61147K, committed 61568K, reserved 1114112K
  class space    used 7654K, committed 7872K, reserved 1048576K
}
Event: 54597.139 GC heap before
{Heap before GC invocations=1753 (full 1734):
 garbage-first heap   total 92160K, used 38790K [0x00000000c0000000, 0x0000000100000000)
  region size 1024K, 1 young (1024K), 0 survivors (0K)
 Metaspace       used 61147K, committed 61568K, reserved 1114112K
  class space    used 7654K, committed 7872K, reserved 1048576K
}
Event: 54597.268 GC heap after
{Heap after GC invocations=1754 (full 1735):
 garbage-first heap   total 92160K, used 38790K [0x00000000c0000000, 0x0000000100000000)
  region size 1024K, 0 young (0K), 0 survivors (0K)
 Metaspace       used 61147K, committed 61568K, reserved 1114112K
  class space    used 7654K, committed 7872K, reserved 1048576K
}
Event: 54607.711 GC heap before
{Heap before GC invocations=1754 (full 1735):
 garbage-first heap   total 92160K, used 38790K [0x00000000c0000000, 0x0000000100000000)
  region size 1024K, 1 young (1024K), 0 survivors (0K)
 Metaspace       used 61147K, committed 61568K, reserved 1114112K
  class space    used 7654K, committed 7872K, reserved 1048576K
}
Event: 54607.838 GC heap after
{Heap after GC invocations=1755 (full 1736):
 garbage-first heap   total 92160K, used 38790K [0x00000000c0000000, 0x0000000100000000)
  region size 1024K, 0 young (0K), 0 survivors (0K)
 Metaspace       used 61147K, committed 61568K, reserved 1114112K
  class space    used 7654K, committed 7872K, reserved 1048576K
}
Event: 54618.279 GC heap before
{Heap before GC invocations=1755 (full 1736):
 garbage-first heap   total 92160K, used 38790K [0x00000000c0000000, 0x0000000100000000)
  region size 1024K, 1 young (1024K), 0 survivors (0K)
 Metaspace       used 61147K, committed 61568K, reserved 1114112K
  class space    used 7654K, committed 7872K, reserved 1048576K
}
Event: 54618.404 GC heap after
{Heap after GC invocations=1756 (full 1737):
 garbage-first heap   total 92160K, used 38790K [0x00000000c0000000, 0x0000000100000000)
  region size 1024K, 0 young (0K), 0 survivors (0K)
 Metaspace       used 61147K, committed 61568K, reserved 1114112K
  class space    used 7654K, committed 7872K, reserved 1048576K
}
Event: 54628.835 GC heap before
{Heap before GC invocations=1756 (full 1737):
 garbage-first heap   total 92160K, used 38790K [0x00000000c0000000, 0x0000000100000000)
  region size 1024K, 1 young (1024K), 0 survivors (0K)
 Metaspace       used 61147K, committed 61568K, reserved 1114112K
  class space    used 7654K, committed 7872K, reserved 1048576K
}
Event: 54628.987 GC heap after
{Heap after GC invocations=1757 (full 1738):
 garbage-first heap   total 92160K, used 38790K [0x00000000c0000000, 0x0000000100000000)
  region size 1024K, 0 young (0K), 0 survivors (0K)
 Metaspace       used 61147K, committed 61568K, reserved 1114112K
  class space    used 7654K, committed 7872K, reserved 1048576K
}
Event: 54639.482 GC heap before
{Heap before GC invocations=1757 (full 1738):
 garbage-first heap   total 92160K, used 38790K [0x00000000c0000000, 0x0000000100000000)
  region size 1024K, 1 young (1024K), 0 survivors (0K)
 Metaspace       used 61147K, committed 61568K, reserved 1114112K
  class space    used 7654K, committed 7872K, reserved 1048576K
}
Event: 54639.634 GC heap after
{Heap after GC invocations=1758 (full 1739):
 garbage-first heap   total 92160K, used 38790K [0x00000000c0000000, 0x0000000100000000)
  region size 1024K, 0 young (0K), 0 survivors (0K)
 Metaspace       used 61147K, committed 61568K, reserved 1114112K
  class space    used 7654K, committed 7872K, reserved 1048576K
}
Event: 54650.085 GC heap before
{Heap before GC invocations=1758 (full 1739):
 garbage-first heap   total 92160K, used 38790K [0x00000000c0000000, 0x0000000100000000)
  region size 1024K, 1 young (1024K), 0 survivors (0K)
 Metaspace       used 61147K, committed 61568K, reserved 1114112K
  class space    used 7654K, committed 7872K, reserved 1048576K
}
Event: 54650.212 GC heap after
{Heap after GC invocations=1759 (full 1740):
 garbage-first heap   total 92160K, used 38790K [0x00000000c0000000, 0x0000000100000000)
  region size 1024K, 0 young (0K), 0 survivors (0K)
 Metaspace       used 61147K, committed 61568K, reserved 1114112K
  class space    used 7654K, committed 7872K, reserved 1048576K
}
Event: 54660.681 GC heap before
{Heap before GC invocations=1759 (full 1740):
 garbage-first heap   total 92160K, used 38790K [0x00000000c0000000, 0x0000000100000000)
  region size 1024K, 1 young (1024K), 0 survivors (0K)
 Metaspace       used 61147K, committed 61568K, reserved 1114112K
  class space    used 7654K, committed 7872K, reserved 1048576K
}
Event: 54660.814 GC heap after
{Heap after GC invocations=1760 (full 1741):
 garbage-first heap   total 92160K, used 38790K [0x00000000c0000000, 0x0000000100000000)
  region size 1024K, 0 young (0K), 0 survivors (0K)
 Metaspace       used 61147K, committed 61568K, reserved 1114112K
  class space    used 7654K, committed 7872K, reserved 1048576K
}
Event: 54671.270 GC heap before
{Heap before GC invocations=1760 (full 1741):
 garbage-first heap   total 92160K, used 38790K [0x00000000c0000000, 0x0000000100000000)
  region size 1024K, 1 young (1024K), 0 survivors (0K)
 Metaspace       used 61147K, committed 61568K, reserved 1114112K
  class space    used 7654K, committed 7872K, reserved 1048576K
}
Event: 54671.399 GC heap after
{Heap after GC invocations=1761 (full 1742):
 garbage-first heap   total 92160K, used 38790K [0x00000000c0000000, 0x0000000100000000)
  region size 1024K, 0 young (0K), 0 survivors (0K)
 Metaspace       used 61147K, committed 61568K, reserved 1114112K
  class space    used 7654K, committed 7872K, reserved 1048576K
}
Event: 54682.030 GC heap before
{Heap before GC invocations=1761 (full 1742):
 garbage-first heap   total 92160K, used 38790K [0x00000000c0000000, 0x0000000100000000)
  region size 1024K, 1 young (1024K), 0 survivors (0K)
 Metaspace       used 61147K, committed 61568K, reserved 1114112K
  class space    used 7654K, committed 7872K, reserved 1048576K
}
Event: 54682.198 GC heap after
{Heap after GC invocations=1762 (full 1743):
 garbage-first heap   total 92160K, used 38790K [0x00000000c0000000, 0x0000000100000000)
  region size 1024K, 0 young (0K), 0 survivors (0K)
 Metaspace       used 61147K, committed 61568K, reserved 1114112K
  class space    used 7654K, committed 7872K, reserved 1048576K
}

